<?xml version="1.0" encoding="UTF-8" ?>
<testsuite failures="0" time="0.027" errors="0" skipped="0" tests="5" name="QueryEvaluator.QueryParserTest">
  <properties>
[...]
</properties>
  <testcase time="0" classname="QueryEvaluator.QueryParserTest" name="parseExpressionCorrect"/>
  <testcase time="0.011" classname="QueryEvaluator.QueryParserTest" name="QueryEvaluate"/>
  <testcase time="0.003" classname="QueryEvaluator.QueryParserTest" name="filterFail"/>
  <testcase time="0.003" classname="QueryEvaluator.QueryParserTest" name="filterPass"/>
  <testcase time="0.01" classname="QueryEvaluator.QueryParserTest" name="generateTriesCorrect"/>
</testsuite>