<?xml version="1.0" encoding="UTF-8" ?>
<testsuite failures="0" time="0.021" errors="0" skipped="0" tests="31" name="org.ahocorasick.trie.TrieTest">
  <properties>
[...]
</properties>
  <testcase time="0" classname="org.ahocorasick.trie.TrieTest" name="unicodeIssueBug8ReportedByDwyerk"/>
  <testcase time="0" classname="org.ahocorasick.trie.TrieTest" name="unicodeIssueBug8ReportedByDwyerkFirstMatch"/>
  <testcase time="0" classname="org.ahocorasick.trie.TrieTest" name="zeroLengthTestBug7InGithubReportedByXCurry"/>
  <testcase time="0" classname="org.ahocorasick.trie.TrieTest" name="keywordAndTextAreTheSameFirstMatch"/>
  <testcase time="0" classname="org.ahocorasick.trie.TrieTest" name="textIsLongerThanKeywordFirstMatch"/>
  <testcase time="0" classname="org.ahocorasick.trie.TrieTest" name="ushersTestAndStopOnHit"/>
  <testcase time="0.001" classname="org.ahocorasick.trie.TrieTest" name="nonOverlappingFirstMatch"/>
  <testcase time="0.001" classname="org.ahocorasick.trie.TrieTest" name="keywordAndTextAreTheSame"/>
  <testcase time="0" classname="org.ahocorasick.trie.TrieTest" name="textIsLongerThanKeyword"/>
  <testcase time="0" classname="org.ahocorasick.trie.TrieTest" name="ushersTestWithCapitalKeywords"/>
  <testcase time="0.001" classname="org.ahocorasick.trie.TrieTest" name="startOfChurchillSpeech"/>
  <testcase time="0.001" classname="org.ahocorasick.trie.TrieTest" name="bug5InGithubReportedByXCurry"/>
  <testcase time="0.001" classname="org.ahocorasick.trie.TrieTest" name="caseInsensitiveFirstMatch"/>
  <testcase time="0.001" classname="org.ahocorasick.trie.TrieTest" name="tokenizeTokensInSequence"/>
  <testcase time="0" classname="org.ahocorasick.trie.TrieTest" name="partialMatchWhiteSpaces"/>
  <testcase time="0.002" classname="org.ahocorasick.trie.TrieTest" name="longAndShortOverlappingMatch"/>
  <testcase time="0.001" classname="org.ahocorasick.trie.TrieTest" name="variousKeywordsOneMatch"/>
  <testcase time="0" classname="org.ahocorasick.trie.TrieTest" name="misleadingTestFirstMatch"/>
  <testcase time="0.001" classname="org.ahocorasick.trie.TrieTest" name="variousKeywordsFirstMatch"/>
  <testcase time="0.001" classname="org.ahocorasick.trie.TrieTest" name="partialMatchFirstMatch"/>
  <testcase time="0.001" classname="org.ahocorasick.trie.TrieTest" name="containsMatch"/>
  <testcase time="0" classname="org.ahocorasick.trie.TrieTest" name="ushersTest"/>
  <testcase time="0.002" classname="org.ahocorasick.trie.TrieTest" name="recipes"/>
  <testcase time="0" classname="org.ahocorasick.trie.TrieTest" name="partialMatch"/>
  <testcase time="0.001" classname="org.ahocorasick.trie.TrieTest" name="caseInsensitive"/>
  <testcase time="0.001" classname="org.ahocorasick.trie.TrieTest" name="ushersTestFirstMatch"/>
  <testcase time="0.004" classname="org.ahocorasick.trie.TrieTest" name="ushersTestByCallback"/>
  <testcase time="0.001" classname="org.ahocorasick.trie.TrieTest" name="recipesFirstMatch"/>
  <testcase time="0" classname="org.ahocorasick.trie.TrieTest" name="tokenizeFullSentence"/>
  <testcase time="0" classname="org.ahocorasick.trie.TrieTest" name="misleadingTest"/>
  <testcase time="0" classname="org.ahocorasick.trie.TrieTest" name="nonOverlapping"/>
</testsuite>